Determining if the pthread_create exist failed with the following output:
Change Dir: /home/coleman/Documents/SeldomEscape/build/CMakeFiles/CMakeTmp

Run Build Command:/usr/bin/gmake "cmTryCompileExec3689865539/fast"
/usr/bin/gmake -f CMakeFiles/cmTryCompileExec3689865539.dir/build.make CMakeFiles/cmTryCompileExec3689865539.dir/build
gmake[1]: 进入目录“/media/MAIN/newsc_doc/SeldomEscape/build/CMakeFiles/CMakeTmp”
/usr/bin/cmake -E cmake_progress_report /home/coleman/Documents/SeldomEscape/build/CMakeFiles/CMakeTmp/CMakeFiles 1
Building C object CMakeFiles/cmTryCompileExec3689865539.dir/CheckSymbolExists.c.o
/usr/lib/ccache/gcc    -o CMakeFiles/cmTryCompileExec3689865539.dir/CheckSymbolExists.c.o   -c /home/coleman/Documents/SeldomEscape/build/CMakeFiles/CMakeTmp/CheckSymbolExists.c
Linking C executable cmTryCompileExec3689865539
/usr/bin/cmake -E cmake_link_script CMakeFiles/cmTryCompileExec3689865539.dir/link.txt --verbose=1
/usr/lib/ccache/gcc         CMakeFiles/cmTryCompileExec3689865539.dir/CheckSymbolExists.c.o  -o cmTryCompileExec3689865539 -rdynamic 
CMakeFiles/cmTryCompileExec3689865539.dir/CheckSymbolExists.c.o: In function `main':
CheckSymbolExists.c:(.text+0xa): undefined reference to `pthread_create'
collect2: ld 返回 1
gmake[1]: *** [cmTryCompileExec3689865539] 错误 1
gmake[1]: 离开目录“/media/MAIN/newsc_doc/SeldomEscape/build/CMakeFiles/CMakeTmp”
gmake: *** [cmTryCompileExec3689865539/fast] 错误 2

File /home/coleman/Documents/SeldomEscape/build/CMakeFiles/CMakeTmp/CheckSymbolExists.c:
/* */
#include <pthread.h>

int main(int argc, char** argv)
{
  (void)argv;
#ifndef pthread_create
  return ((int*)(&pthread_create))[argc];
#else
  (void)argc;
  return 0;
#endif
}

Determining if the function pthread_create exists in the pthreads failed with the following output:
Change Dir: /home/coleman/Documents/SeldomEscape/build/CMakeFiles/CMakeTmp

Run Build Command:/usr/bin/gmake "cmTryCompileExec2181453213/fast"
/usr/bin/gmake -f CMakeFiles/cmTryCompileExec2181453213.dir/build.make CMakeFiles/cmTryCompileExec2181453213.dir/build
gmake[1]: 进入目录“/media/MAIN/newsc_doc/SeldomEscape/build/CMakeFiles/CMakeTmp”
/usr/bin/cmake -E cmake_progress_report /home/coleman/Documents/SeldomEscape/build/CMakeFiles/CMakeTmp/CMakeFiles 1
Building C object CMakeFiles/cmTryCompileExec2181453213.dir/CheckFunctionExists.c.o
/usr/lib/ccache/gcc   -DCHECK_FUNCTION_EXISTS=pthread_create   -o CMakeFiles/cmTryCompileExec2181453213.dir/CheckFunctionExists.c.o   -c /usr/share/cmake/Modules/CheckFunctionExists.c
Linking C executable cmTryCompileExec2181453213
/usr/bin/cmake -E cmake_link_script CMakeFiles/cmTryCompileExec2181453213.dir/link.txt --verbose=1
/usr/lib/ccache/gcc     -DCHECK_FUNCTION_EXISTS=pthread_create    CMakeFiles/cmTryCompileExec2181453213.dir/CheckFunctionExists.c.o  -o cmTryCompileExec2181453213 -rdynamic -lpthreads 
/usr/bin/ld: cannot find -lpthreads
collect2: ld 返回 1
gmake[1]: *** [cmTryCompileExec2181453213] 错误 1
gmake[1]: 离开目录“/media/MAIN/newsc_doc/SeldomEscape/build/CMakeFiles/CMakeTmp”
gmake: *** [cmTryCompileExec2181453213/fast] 错误 2


